<?xml version="1.0" encoding="UTF-8" ?>
<testsuite tests="3" failures="1" name="com.epam.training.student_anastasiia_tsyvina.runner.CucumberTestRunner" time="24.555" errors="0" skipped="0">
  <properties>
    <property name="java.runtime.name" value="OpenJDK Runtime Environment"/>
    <property name="java.vm.version" value="17.0.15+6-LTS"/>
    <property name="sun.boot.library.path" value="/Users/anastasiiatsyvina/Library/Java/JavaVirtualMachines/ms-17.0.15/Contents/Home/lib"/>
    <property name="maven.multiModuleProjectDirectory" value="/Users/anastasiiatsyvina/Desktop/ta_training-java"/>
    <property name="java.vm.vendor" value="Microsoft"/>
    <property name="java.vendor.url" value="https://www.microsoft.com"/>
    <property name="guice.disable.misplaced.annotation.check" value="true"/>
    <property name="path.separator" value=":"/>
    <property name="java.vm.name" value="OpenJDK 64-Bit Server VM"/>
    <property name="user.country" value="GB"/>
    <property name="sun.java.launcher" value="SUN_STANDARD"/>
    <property name="test" value="CucumberTestRunner"/>
    <property name="java.vm.specification.name" value="Java Virtual Machine Specification"/>
    <property name="user.dir" value="/Users/anastasiiatsyvina/Desktop/ta_training-java"/>
    <property name="java.vm.compressedOopsMode" value="Zero based"/>
    <property name="java.runtime.version" value="17.0.15+6-LTS"/>
    <property name="os.arch" value="x86_64"/>
    <property name="java.io.tmpdir" value="/var/folders/wg/xyjp944x23x6h912ssq4664w0000gn/T/"/>
    <property name="line.separator" value="
"/>
    <property name="java.vm.specification.vendor" value="Oracle Corporation"/>
    <property name="os.name" value="Mac OS X"/>
    <property name="classworlds.conf" value="/Users/anastasiiatsyvina/Developer/apache-maven-3.8.6/bin/m2.conf"/>
    <property name="sun.jnu.encoding" value="UTF-8"/>
    <property name="java.library.path" value="/Users/anastasiiatsyvina/Library/Java/Extensions:/Library/Java/Extensions:/Network/Library/Java/Extensions:/System/Library/Java/Extensions:/usr/lib/java:."/>
    <property name="maven.conf" value="/Users/anastasiiatsyvina/Developer/apache-maven-3.8.6/conf"/>
    <property name="jdk.debug" value="release"/>
    <property name="java.class.version" value="61.0"/>
    <property name="java.specification.name" value="Java Platform API Specification"/>
    <property name="sun.management.compiler" value="HotSpot 64-Bit Tiered Compilers"/>
    <property name="os.version" value="11.7.10"/>
    <property name="library.jansi.path" value="/Users/anastasiiatsyvina/Developer/apache-maven-3.8.6/lib/jansi-native"/>
    <property name="http.nonProxyHosts" value="local|*.local|169.254/16|*.169.254/16"/>
    <property name="user.home" value="/Users/anastasiiatsyvina"/>
    <property name="user.timezone" value="Europe/Kiev"/>
    <property name="file.encoding" value="UTF-8"/>
    <property name="java.specification.version" value="17"/>
    <property name="user.name" value="anastasiiatsyvina"/>
    <property name="java.class.path" value="/Users/anastasiiatsyvina/Developer/apache-maven-3.8.6/boot/plexus-classworlds-2.6.0.jar"/>
    <property name="java.vm.specification.version" value="17"/>
    <property name="sun.arch.data.model" value="64"/>
    <property name="sun.java.command" value="org.codehaus.plexus.classworlds.launcher.Launcher clean test -Dtest=CucumberTestRunner"/>
    <property name="java.home" value="/Users/anastasiiatsyvina/Library/Java/JavaVirtualMachines/ms-17.0.15/Contents/Home"/>
    <property name="user.language" value="en"/>
    <property name="java.specification.vendor" value="Oracle Corporation"/>
    <property name="java.vm.info" value="mixed mode, sharing"/>
    <property name="java.version" value="17.0.15"/>
    <property name="native.encoding" value="UTF-8"/>
    <property name="java.vendor" value="Microsoft"/>
    <property name="sun.stderr.encoding" value="UTF-8"/>
    <property name="java.specification.maintenance.version" value="1"/>
    <property name="maven.home" value="/Users/anastasiiatsyvina/Developer/apache-maven-3.8.6"/>
    <property name="file.separator" value="/"/>
    <property name="java.version.date" value="2025-04-15"/>
    <property name="java.vendor.url.bug" value="https://github.com/microsoft/openjdk/issues"/>
    <property name="sun.io.unicode.encoding" value="UnicodeBig"/>
    <property name="sun.cpu.endian" value="little"/>
    <property name="java.vendor.version" value="Microsoft-11369868"/>
    <property name="sun.stdout.encoding" value="UTF-8"/>
    <property name="socksNonProxyHosts" value="local|*.local|169.254/16|*.169.254/16"/>
    <property name="ftp.nonProxyHosts" value="local|*.local|169.254/16|*.169.254/16"/>
  </properties>
  <testcase classname="com.epam.training.student_anastasiia_tsyvina.runner.CucumberTestRunner" name="runScenario" time="15.522"/>
  <testcase classname="com.epam.training.student_anastasiia_tsyvina.runner.CucumberTestRunner" name="runScenario" time="5.162"/>
  <testcase classname="com.epam.training.student_anastasiia_tsyvina.runner.CucumberTestRunner" name="runScenario" time="3.871">
    <failure message="
Expecting actual:
  &quot;https://www.saucedemo.com/&quot;
to contain:
  &quot;/inventory.html&quot; " type="java.lang.AssertionError">java.lang.AssertionError: 
Expecting actual:
  &quot;https://www.saucedemo.com/&quot;
to contain:
  &quot;/inventory.html&quot; 
	at com.epam.training.student_anastasiia_tsyvina.adapter.LoginAssertions.assertSuccessUrl(LoginAssertions.java:25)
	at com.epam.training.student_anastasiia_tsyvina.stepdefs.LoginStepDefs.i_should_be_redirected_to_the_inventory_page(LoginStepDefs.java:39)
	at ✽.I should be redirected to the inventory page(file:///Users/anastasiiatsyvina/Desktop/ta_training-java/src/test/resources/features/login.feature:17)
</failure>
    <system-out>
Scenario: UC-3 - Successful login                                         # src/test/resources/features/login.feature:14
  Given I open SauceDemo website                                          # com.epam.training.student_anastasiia_tsyvina.stepdefs.LoginStepDefs.i_open_sauce_demo_website()
  When I login with username &quot;standard_usser&quot; and password &quot;secret_sauce&quot; # com.epam.training.student_anastasiia_tsyvina.stepdefs.LoginStepDefs.i_login_with_username_and_password(java.lang.String,java.lang.String)
  Then I should be redirected to the inventory page                       # com.epam.training.student_anastasiia_tsyvina.stepdefs.LoginStepDefs.i_should_be_redirected_to_the_inventory_page()
      java.lang.AssertionError: 
Expecting actual:
  &quot;https://www.saucedemo.com/&quot;
to contain:
  &quot;/inventory.html&quot; 
	at com.epam.training.student_anastasiia_tsyvina.adapter.LoginAssertions.assertSuccessUrl(LoginAssertions.java:25)
	at com.epam.training.student_anastasiia_tsyvina.stepdefs.LoginStepDefs.i_should_be_redirected_to_the_inventory_page(LoginStepDefs.java:39)
	at ✽.I should be redirected to the inventory page(file:///Users/anastasiiatsyvina/Desktop/ta_training-java/src/test/resources/features/login.feature:17)

</system-out>
    <system-err>Jul 20, 2025 11:55:03 AM org.openqa.selenium.devtools.CdpVersionFinder findNearestMatch
WARNING: Unable to find CDP implementation matching 138
Jul 20, 2025 11:55:03 AM org.openqa.selenium.chromium.ChromiumDriver lambda$new$5
WARNING: Unable to find version of CDP to use for 138.0.7204.158. You may need to include a dependency on a specific version of the CDP using something similar to `org.seleniumhq.selenium:selenium-devtools-v86:4.20.0` where the version (&quot;v86&quot;) matches the version of the chromium-based browser you&apos;re using and the version number of the artifact is the same as Selenium&apos;s.
</system-err>
  </testcase>
</testsuite>